Arguments: 
  C:\Program Files\nodejs\node.exe C:\Users\J\AppData\Roaming\npm\node_modules\yarn\bin\yarn.js add avconv

PATH: 
  C:\Program Files\ImageMagick-7.0.3-Q16;C:\WINDOWS\system32;C:\WINDOWS;C:\WINDOWS\System32\Wbem;C:\WINDOWS\System32\WindowsPowerShell\v1.0\;C:\Program Files (x86)\ATI Technologies\ATI.ACE\Core-Static;C:\Program Files\Git\cmd;C:\Program Files\nodejs\;C:\Program Files\MacType;C:\Program Files\Sublime Text 3\;C:\Users\J\AppData\Local\Microsoft\WindowsApps;C:\Users\J\AppData\Roaming\npm

Yarn version: 
  0.19.1

Node version: 
  6.9.1

Platform: 
  win32 x64

npm manifest: 
  {
    "name": "fff",
    "version": "1.0.0",
    "description": "",
    "main": "nopy.js",
    "scripts": {
      "test": "echo \"Error: no test specified\" && exit 1"
    },
    "author": "",
    "license": "ISC"
  }

yarn manifest: 
  No manifest

Lockfile: 
  No lockfile

Trace: 
  Error: getaddrinfo EAI_AGAIN registry.yarnpkg.com:443
      at Object.exports._errnoException (util.js:1026:11)
      at errnoException (dns.js:33:15)
      at GetAddrInfoReqWrap.onlookup [as oncomplete] (dns.js:76:26)
